Created by PLY version 3.11 (http://www.dabeaz.com/ply)

Unused terminals:

    ABSTRACT
    ALIAS
    AND
    AS
    ASSIGN
    ASSOCIACAO
    AT
    BEGIN
    BREAK
    CASE
    CHAR
    CLASS
    CLASS_VAR
    COLON
    COMMA
    DEF
    DEFINE_BLOCO
    DIVIDE
    DIVIDE_ASSIGN
    DO
    DOT
    ELSE
    ELSIF
    END
    ENUM
    EQUAL
    FALSE
    FOR
    GREATER_EQUAL
    GREATER_THAN
    IF
    IN
    INCLUDE
    INSTANCE_VAR
    LBRACE
    LBRACKET
    LESS_EQUAL
    LESS_THAN
    LPAREN
    MACRO
    MINUS
    MINUS_ASSIGN
    MODULE
    MODULO
    MODULO_ASSIGN
    MULTI
    MULTI_ASSIGN
    NEXT
    NIL
    NOT
    NOT_EQUAL
    OF
    OR
    OUT
    PASSA_ARGUMENTO
    PLUS
    PLUS_ASSIGN
    POTENCIACAO
    PRIVATE
    PROTECTED
    RBRACE
    RBRACKET
    RETURN
    RPAREN
    SAFE_CALL
    SCOPE
    SELECT
    SIZEOF
    STRUCT
    SYMBOL
    TERNARIO
    THEN
    TIPO_EQUAL
    TRUE
    TYPE
    TYPEOF
    UNINITIALIZED
    UNION
    UNLESS
    UNTIL
    VAR_GLOBAL
    WHEN
    WHILE
    YIELD

Grammar

Rule 0     S' -> program
Rule 1     program -> opt_require opt_globals opt_classes opt_modules opt_ code_functions opt_code
Rule 2     opt_require -> require
Rule 3     opt_require -> empty
Rule 4     opt_globals -> global_declarations
Rule 5     opt_globals -> empty
Rule 6     opt_classes -> classes_functions
Rule 7     opt_classes -> empty
Rule 8     empty -> <empty>
Rule 9     delimiter -> NEWLINE
Rule 10    delimiter -> SEMICOLON
Rule 11    delimiter -> empty
Rule 12    require -> REQUIRE ID delimiter
Rule 13    require -> REQUIRE STRING delimiter
Rule 14    globals_declarations -> globals
Rule 15    globals_declarations -> globals_declarations globals
Rule 16    globals -> DOLAR_SIGN ID delimiter
Rule 17    globals -> DOLAR_SIGN ID EQUALS expression delimiter
Rule 18    types -> intenger
Rule 19    types -> float
Rule 20    types -> boolean
Rule 21    interger -> INT
Rule 22    interger -> INT8
Rule 23    interger -> INT16
Rule 24    interger -> INT32
Rule 25    interger -> INT64
Rule 26    interger -> INT128
Rule 27    float -> FLOAT
Rule 28    float -> FLOAT32
Rule 29    float -> FLOAT64
Rule 30    boolean -> BOOL

Terminals, with rules where they appear

ABSTRACT             : 
ALIAS                : 
AND                  : 
AS                   : 
ASSIGN               : 
ASSOCIACAO           : 
AT                   : 
BEGIN                : 
BOOL                 : 30
BREAK                : 
CASE                 : 
CHAR                 : 
CLASS                : 
CLASS_VAR            : 
COLON                : 
COMMA                : 
DEF                  : 
DEFINE_BLOCO         : 
DIVIDE               : 
DIVIDE_ASSIGN        : 
DO                   : 
DOLAR_SIGN           : 16 17
DOT                  : 
ELSE                 : 
ELSIF                : 
END                  : 
ENUM                 : 
EQUAL                : 
FALSE                : 
FLOAT                : 27
FLOAT32              : 28
FLOAT64              : 29
FOR                  : 
GREATER_EQUAL        : 
GREATER_THAN         : 
ID                   : 12 16 17
IF                   : 
IN                   : 
INCLUDE              : 
INSTANCE_VAR         : 
INT                  : 21
INT128               : 26
INT16                : 23
INT32                : 24
INT64                : 25
INT8                 : 22
LBRACE               : 
LBRACKET             : 
LESS_EQUAL           : 
LESS_THAN            : 
LPAREN               : 
MACRO                : 
MINUS                : 
MINUS_ASSIGN         : 
MODULE               : 
MODULO               : 
MODULO_ASSIGN        : 
MULTI                : 
MULTI_ASSIGN         : 
NEXT                 : 
NIL                  : 
NOT                  : 
NOT_EQUAL            : 
OF                   : 
OR                   : 
OUT                  : 
PASSA_ARGUMENTO      : 
PLUS                 : 
PLUS_ASSIGN          : 
POTENCIACAO          : 
PRIVATE              : 
PROTECTED            : 
RBRACE               : 
RBRACKET             : 
REQUIRE              : 12 13
RETURN               : 
RPAREN               : 
SAFE_CALL            : 
SCOPE                : 
SELECT               : 
SEMICOLON            : 10
SIZEOF               : 
STRING               : 13
STRUCT               : 
SYMBOL               : 
TERNARIO             : 
THEN                 : 
TIPO_EQUAL           : 
TRUE                 : 
TYPE                 : 
TYPEOF               : 
UNINITIALIZED        : 
UNION                : 
UNLESS               : 
UNTIL                : 
VAR_GLOBAL           : 
WHEN                 : 
WHILE                : 
YIELD                : 
error                : 

Nonterminals, with rules where they appear

EQUALS               : 17
NEWLINE              : 9
boolean              : 20
classes_functions    : 6
code_functions       : 1
delimiter            : 12 13 16 17
empty                : 3 5 7 11
expression           : 17
float                : 19
global_declarations  : 4
globals              : 14 15
globals_declarations : 15
intenger             : 18
interger             : 
opt_                 : 1
opt_classes          : 1
opt_code             : 1
opt_globals          : 1
opt_modules          : 1
opt_require          : 1
program              : 0
require              : 2
types                : 

